<?xml version="1.0" encoding="UTF-8"?>
<testng-results skipped="0" failed="0" ignored="0" total="1" passed="1">
  <reporter-output>
  </reporter-output>
  <suite name="Default suite" duration-ms="109111" started-at="2018-05-31T13:33:47Z" finished-at="2018-05-31T13:35:36Z">
    <groups>
    </groups>
    <test name="Default test" duration-ms="109111" started-at="2018-05-31T13:33:47Z" finished-at="2018-05-31T13:35:36Z">
      <class name="com.TestCases.VerifySupplierProfileCreation">
        <test-method status="PASS" signature="verifySupplierProfileCreation()[pri:0, instance:com.TestCases.VerifySupplierProfileCreation@1bce4f0a]" name="verifySupplierProfileCreation" duration-ms="108532" started-at="2018-05-31T19:03:47Z" finished-at="2018-05-31T19:05:35Z">
          <reporter-output>
          </reporter-output>
        </test-method> <!-- verifySupplierProfileCreation -->
        <test-method status="PASS" signature="tearDown(org.testng.ITestResult)[pri:0, instance:com.TestCases.VerifySupplierProfileCreation@1bce4f0a]" name="tearDown" is-config="true" duration-ms="550" started-at="2018-05-31T19:05:35Z" finished-at="2018-05-31T19:05:36Z">
          <params>
            <param index="0">
              <value>
                <![CDATA[[TestResult name=verifySupplierProfileCreation status=SUCCESS method=VerifySupplierProfileCreation.verifySupplierProfileCreation()[pri:0, instance:com.TestCases.VerifySupplierProfileCreation@1bce4f0a] output={null}]]]>
              </value>
            </param>
          </params>
          <reporter-output>
          </reporter-output>
        </test-method> <!-- tearDown -->
      </class> <!-- com.TestCases.VerifySupplierProfileCreation -->
    </test> <!-- Default test -->
  </suite> <!-- Default suite -->
</testng-results>
